<?xml version="1.0" encoding="UTF-8"?>
<!-- Generated by org.testng.reporters.JUnitReportReporter -->
<testsuite hostname="LAP03" failures="0" tests="3" name="Practice.DataproviderEx2" time="48.015" errors="0" timestamp="2023-03-01T20:33:57 IST" skipped="0">
  <testcase classname="Practice.DataproviderEx2" name="companyDetails" time="16.541"/>
  <system-out/>
  <testcase classname="Practice.DataproviderEx2" name="companyDetails" time="15.871"/>
  <system-out/>
  <testcase classname="Practice.DataproviderEx2" name="companyDetails" time="15.603"/>
  <system-out/>
</testsuite> <!-- Practice.DataproviderEx2 -->
