<?xml version="1.0" encoding="UTF-8"?>
<!-- Generated by org.testng.reporters.JUnitReportReporter -->
<testsuite hostname="LAP03" failures="0" tests="5" name="Practice.DataproviderTestcase" time="0.013" errors="0" timestamp="2023-02-27T19:47:20 IST" skipped="0">
  <testcase classname="Practice.DataproviderTestcase" name="booking" time="0.011"/>
  <system-out/>
  <testcase classname="Practice.DataproviderTestcase" name="booking" time="0.001"/>
  <system-out/>
  <testcase classname="Practice.DataproviderTestcase" name="booking" time="0.001"/>
  <system-out/>
  <testcase classname="Practice.DataproviderTestcase" name="booking" time="0.000"/>
  <system-out/>
  <testcase classname="Practice.DataproviderTestcase" name="booking" time="0.000"/>
  <system-out/>
</testsuite> <!-- Practice.DataproviderTestcase -->
