<?xml version="1.0" encoding="UTF-8"?>
<!-- Generated by org.testng.reporters.JUnitReportReporter -->
<testsuite hostname="LAP03" failures="0" tests="3" name="Practice.DataProviderExcel" time="0.010" errors="0" timestamp="2023-03-01T11:55:48 IST" skipped="0">
  <testcase classname="Practice.DataProviderExcel" name="readData" time="0.002"/>
  <system-out/>
  <testcase classname="Practice.DataProviderExcel" name="readData" time="0.000"/>
  <system-out/>
  <testcase classname="Practice.DataProviderExcel" name="readData" time="0.008"/>
  <system-out/>
</testsuite> <!-- Practice.DataProviderExcel -->
