<?xml version="1.0" encoding="UTF-8"?>
<!-- Generated by org.testng.reporters.JUnitReportReporter -->
<testsuite hostname="LAP03" failures="0" tests="5" name="Practice.TestNGPractice" time="0.016" errors="0" timestamp="2023-02-27T19:27:14 IST" skipped="0">
  <testcase classname="Practice.TestNGPractice" name="modify" time="0.001"/>
  <system-out/>
  <testcase classname="Practice.TestNGPractice" name="modify" time="0.012"/>
  <system-out/>
  <testcase classname="Practice.TestNGPractice" name="modify" time="0.001"/>
  <system-out/>
  <testcase classname="Practice.TestNGPractice" name="delete" time="0.001"/>
  <system-out/>
  <testcase classname="Practice.TestNGPractice" name="create" time="0.001"/>
  <system-out/>
</testsuite> <!-- Practice.TestNGPractice -->
