<?xml version="1.0" encoding="UTF-8"?>
<!-- Generated by org.testng.reporters.JUnitReportReporter -->
<testsuite hostname="LAP03" failures="0" tests="1" name="Organization.CreateOrganization" time="27.622" errors="0" timestamp="2023-02-24T17:24:42 IST" skipped="0">
  <testcase classname="Organization.CreateOrganization" name="createorganization" time="27.622"/>
  <system-out/>
</testsuite> <!-- Organization.CreateOrganization -->
