<?xml version="1.0" encoding="UTF-8"?>
<!-- Generated by org.testng.reporters.JUnitReportReporter -->
<testsuite hostname="LAP03" failures="0" tests="1" name="Practice.HardAssert" time="0.011" errors="0" timestamp="2023-02-27T17:40:43 IST" skipped="0">
  <testcase classname="Practice.HardAssert" name="create" time="0.011"/>
  <system-out/>
</testsuite> <!-- Practice.HardAssert -->
